  源.cpp
c:\users\许义程\desktop\reach\consoleapplication1\输入.h(63): warning C4267: “初始化”: 从“size_t”转换到“int”，可能丢失数据
c:\users\许义程\desktop\reach\consoleapplication1\输入.h(72): warning C4267: “=”: 从“size_t”转换到“int”，可能丢失数据
c:\users\许义程\desktop\reach\consoleapplication1\输入.h(87): warning C4267: “初始化”: 从“size_t”转换到“int”，可能丢失数据
c:\users\许义程\desktop\reach\consoleapplication1\输入.h(109): warning C4267: “初始化”: 从“size_t”转换到“int”，可能丢失数据
c:\users\许义程\desktop\reach\consoleapplication1\输入.h(131): warning C4267: “初始化”: 从“size_t”转换到“int”，可能丢失数据
c:\users\许义程\desktop\reach\consoleapplication1\输入.h(153): warning C4267: “初始化”: 从“size_t”转换到“int”，可能丢失数据
c:\users\许义程\desktop\reach\consoleapplication1\输入.h(180): warning C4267: “初始化”: 从“size_t”转换到“int”，可能丢失数据
c:\users\许义程\desktop\reach\consoleapplication1\输入.h(222): warning C4244: “初始化”: 从“double”转换到“float”，可能丢失数据
c:\users\许义程\desktop\reach\consoleapplication1\输入.h(266): warning C4244: “=”: 从“double”转换到“float”，可能丢失数据
c:\users\许义程\desktop\reach\consoleapplication1\输入.h(327): warning C4267: “初始化”: 从“size_t”转换到“int”，可能丢失数据
c:\users\许义程\desktop\reach\consoleapplication1\输入.h(328): warning C4267: “初始化”: 从“size_t”转换到“int”，可能丢失数据
c:\users\许义程\desktop\reach\consoleapplication1\输入.h(365): warning C4305: “初始化”: 从“double”到“float”截断
d:\opencv\opencv\build\include\opencv2\core\mat.hpp(1965): warning C4819: 该文件包含不能在当前代码页(936)中表示的字符。请将该文件保存为 Unicode 格式以防止数据丢失
d:\opencv\opencv\build\include\opencv2\core\persistence.hpp : warning C4819: 该文件包含不能在当前代码页(936)中表示的字符。请将该文件保存为 Unicode 格式以防止数据丢失
d:\opencv\opencv\build\include\opencv2\core\utility.hpp : warning C4819: 该文件包含不能在当前代码页(936)中表示的字符。请将该文件保存为 Unicode 格式以防止数据丢失
d:\opencv\opencv\build\include\opencv2\core\utility.hpp : warning C4819: 该文件包含不能在当前代码页(936)中表示的字符。请将该文件保存为 Unicode 格式以防止数据丢失
c:\users\许义程\desktop\reach\consoleapplication1\源.cpp(34): warning C4244: “=”: 从“double”转换到“float”，可能丢失数据
c:\users\许义程\desktop\reach\consoleapplication1\源.cpp(37): warning C4244: “参数”: 从“float”转换到“int”，可能丢失数据
c:\users\许义程\desktop\reach\consoleapplication1\源.cpp(63): warning C4244: “=”: 从“double”转换到“float”，可能丢失数据
c:\users\许义程\desktop\reach\consoleapplication1\源.cpp(66): warning C4244: “参数”: 从“float”转换到“int”，可能丢失数据
c:\users\许义程\desktop\reach\consoleapplication1\画图.h(150): warning C4715: “sgn”: 不是所有的控件路径都返回值
  ConsoleApplication1.vcxproj -> C:\Users\许义程\Desktop\reach\x64\Debug\ConsoleApplication1.exe
  ConsoleApplication1.vcxproj -> C:\Users\许义程\Desktop\reach\x64\Debug\ConsoleApplication1.pdb (Full PDB)
